============================= test session starts ==============================
platform darwin -- Python 3.13.12, pytest-9.0.3, pluggy-1.6.0 -- /Applications/ServBay/package/python/3.13/3.13.12/Python.framework/Versions/3.13/bin/python
cachedir: .pytest_cache
metadata: {'Python': '3.13.12', 'Platform': 'macOS-26.2-arm64-arm-64bit-Mach-O', 'Packages': {'pytest': '9.0.3', 'pluggy': '1.6.0'}, 'Plugins': {'xdist': '3.8.0', 'timeout': '2.4.0', 'metadata': '3.1.1', 'html': '4.2.0'}}
rootdir: /Users/ke/code/miao/test/ui
plugins: xdist-3.8.0, timeout-2.4.0, metadata-3.1.1, html-4.2.0
collecting ... collected 9 items

test_user_login.py::TestUserLogin::test_login_as_business PASSED         [ 11%]
test_user_login.py::TestUserLogin::test_login_as_creator FAILED          [ 22%]
test_user_login.py::TestUserLogin::test_login_validation_empty_fields PASSED [ 33%]
test_user_login.py::TestUserLogin::test_login_validation_wrong_password PASSED [ 44%]
test_user_login.py::TestUserLogin::test_login_validation_nonexistent_user PASSED [ 55%]
test_user_login.py::TestRoleSwitch::test_switch_from_business_to_creator SKIPPED [ 66%]
test_user_login.py::TestRoleSwitch::test_switch_from_creator_to_business SKIPPED [ 77%]
test_user_login.py::TestRoleSwitch::test_role_switch_preserves_session 